0 info it worked if it ends with ok
1 verbose cli [ '/usr/bin/nodejs', '/usr/bin/npm', 'run', 'build' ]
2 info using npm@4.0.5
3 info using node@v7.4.0
4 verbose run-script [ 'prebuild', 'build', 'postbuild' ]
5 info lifecycle grafikart-boilerplate@0.0.1~prebuild: grafikart-boilerplate@0.0.1
6 silly lifecycle grafikart-boilerplate@0.0.1~prebuild: no script for prebuild, continuing
7 info lifecycle grafikart-boilerplate@0.0.1~build: grafikart-boilerplate@0.0.1
8 verbose lifecycle grafikart-boilerplate@0.0.1~build: unsafe-perm in lifecycle true
9 verbose lifecycle grafikart-boilerplate@0.0.1~build: PATH: /usr/lib/node_modules/npm/bin/node-gyp-bin:/mnt/c/www/symfony/node_modules/.bin:/usr/local/bin:/usr/bin:/bin:/usr/local/games:/usr/games
10 verbose lifecycle grafikart-boilerplate@0.0.1~build: CWD: /mnt/c/www/symfony
11 silly lifecycle grafikart-boilerplate@0.0.1~build: Args: [ '-c',
11 silly lifecycle   'NODE_ENV=production rimraf dist && webpack --config build/webpack.prod.js' ]
12 silly lifecycle grafikart-boilerplate@0.0.1~build: Returned: code: 2  signal: null
13 info lifecycle grafikart-boilerplate@0.0.1~build: Failed to exec build script
14 verbose stack Error: grafikart-boilerplate@0.0.1 build: `NODE_ENV=production rimraf dist && webpack --config build/webpack.prod.js`
14 verbose stack Exit status 2
14 verbose stack     at EventEmitter.<anonymous> (/usr/lib/node_modules/npm/lib/utils/lifecycle.js:279:16)
14 verbose stack     at emitTwo (events.js:106:13)
14 verbose stack     at EventEmitter.emit (events.js:191:7)
14 verbose stack     at ChildProcess.<anonymous> (/usr/lib/node_modules/npm/lib/utils/spawn.js:40:14)
14 verbose stack     at emitTwo (events.js:106:13)
14 verbose stack     at ChildProcess.emit (events.js:191:7)
14 verbose stack     at maybeClose (internal/child_process.js:885:16)
14 verbose stack     at Process.ChildProcess._handle.onexit (internal/child_process.js:226:5)
15 verbose pkgid grafikart-boilerplate@0.0.1
16 verbose cwd /mnt/c/www/symfony
17 error Linux 3.4.0+
18 error argv "/usr/bin/nodejs" "/usr/bin/npm" "run" "build"
19 error node v7.4.0
20 error npm  v4.0.5
21 error code ELIFECYCLE
22 error grafikart-boilerplate@0.0.1 build: `NODE_ENV=production rimraf dist && webpack --config build/webpack.prod.js`
22 error Exit status 2
23 error Failed at the grafikart-boilerplate@0.0.1 build script 'NODE_ENV=production rimraf dist && webpack --config build/webpack.prod.js'.
23 error Make sure you have the latest version of node.js and npm installed.
23 error If you do, this is most likely a problem with the grafikart-boilerplate package,
23 error not with npm itself.
23 error Tell the author that this fails on your system:
23 error     NODE_ENV=production rimraf dist && webpack --config build/webpack.prod.js
23 error You can get information on how to open an issue for this project with:
23 error     npm bugs grafikart-boilerplate
23 error Or if that isn't available, you can get their info via:
23 error     npm owner ls grafikart-boilerplate
23 error There is likely additional logging output above.
24 verbose exit [ 1, true ]
